ANDROID/sample/build/outputs/mapping/release/seeds.txt
com.tencent.doh.demo.BuildConfig
com.tencent.doh.demo.BuildConfig: boolean DEBUG
com.tencent.doh.demo.BuildConfig: java.lang.String APPLICATION_ID
com.tencent.doh.demo.BuildConfig: java.lang.String BUILD_TYPE
com.tencent.doh.demo.BuildConfig: java.lang.String FLAVOR
com.tencent.doh.demo.BuildConfig: int VERSION_CODE
com.tencent.doh.demo.BuildConfig: java.lang.String VERSION_NAME
com.tencent.doh.demo.BuildConfig: BuildConfig()
com.tencent.doh.demo.R
com.tencent.doh.demo.R: R()
com.tencent.doh.demo.R$anim
com.tencent.doh.demo.R$anim: int abc_fade_in
com.tencent.doh.demo.R$anim: int abc_fade_out
com.tencent.doh.demo.R$anim: int abc_grow_fade_in_from_bottom
com.tencent.doh.demo.R$anim: int abc_popup_enter
com.tencent.doh.demo.R$anim: int abc_popup_exit
com.tencent.doh.demo.R$anim: int abc_shrink_fade_out_from_bottom
com.tencent.doh.demo.R$anim: int abc_slide_in_bottom
com.tencent.doh.demo.R$anim: int abc_slide_in_top
com.tencent.doh.demo.R$anim: int abc_slide_out_bottom
com.tencent.doh.demo.R$anim: int abc_slide_out_top
com.tencent.doh.demo.R$anim: int txwp_bottom_in
com.tencent.doh.demo.R$anim: int txwp_bottom_out
com.tencent.doh.demo.R$anim: int txwp_fade_in
com.tencent.doh.demo.R$anim: int txwp_fade_out
com.tencent.doh.demo.R$anim: int txwp_hide_to_bottom
com.tencent.doh.demo.R$anim: int txwp_left_in
com.tencent.doh.demo.R$anim: int txwp_left_out
com.tencent.doh.demo.R$anim: int txwp_right_in
com.tencent.doh.demo.R$anim: int txwp_right_out
com.tencent.doh.demo.R$anim: int txwp_scale_in
com.tencent.doh.demo.R$anim: int txwp_scale_out
com.tencent.doh.demo.R$anim: int txwp_show_from_bottom
com.tencent.doh.demo.R$anim: int txwp_top_in
com.tencent.doh.demo.R$anim: int txwp_top_out
com.tencent.doh.demo.R$anim: R$anim()
com.tencent.doh.demo.R$attr
com.tencent.doh.demo.R$attr: int actionBarDivider
com.tencent.doh.demo.R$attr: int actionBarItemBackground
com.tencent.doh.demo.R$attr: int actionBarPopupTheme
com.tencent.doh.demo.R$attr: int actionBarSize
com.tencent.doh.demo.R$attr: int actionBarSplitStyle
com.tencent.doh.demo.R$attr: int actionBarStyle
com.tencent.doh.demo.R$attr: int actionBarTabBarStyle
com.tencent.doh.demo.R$attr: int actionBarTabStyle
com.tencent.doh.demo.R$attr: int actionBarTabTextStyle
com.tencent.doh.demo.R$attr: int actionBarTheme
com.tencent.doh.demo.R$attr: int actionBarWidgetTheme
com.tencent.doh.demo.R$attr: int actionButtonStyle
com.tencent.doh.demo.R$attr: int actionDropDownStyle
com.tencent.doh.demo.R$attr: int actionLayout
com.tencent.doh.demo.R$attr: int actionMenuTextAppearance
com.tencent.doh.demo.R$attr: int actionMenuTextColor
com.tencent.doh.demo.R$attr: int actionModeBackground
com.tencent.doh.demo.R$attr: int actionModeCloseButtonStyle
com.tencent.doh.demo.R$attr: int actionModeCloseDrawable
com.tencent.doh.demo.R$attr: int actionModeCopyDrawable
com.tencent.doh.demo.R$attr: int actionModeCutDrawable
com.tencent.doh.demo.R$attr: int actionModeFindDrawable
com.tencent.doh.demo.R$attr: int actionModePasteDrawable
com.tencent.doh.demo.R$attr: int actionModePopupWindowStyle
com.tencent.doh.demo.R$attr: int actionModeSelectAllDrawable
com.tencent.doh.demo.R$attr: int actionModeShareDrawable
com.tencent.doh.demo.R$attr: int actionModeSplitBackground
...
FileCloud.HandShakeRsp
FileCloud.HandShakeRsp: FileCloud.stResult result
FileCloud.HandShakeRsp: java.lang.String last_update
FileCloud.HandShakeRsp: java.util.ArrayList upload_svr
FileCloud.HandShakeRsp: java.util.ArrayList download_svr
FileCloud.HandShakeRsp: java.util.Map config
FileCloud.HandShakeRsp: java.lang.String clientip
FileCloud.HandShakeRsp: FileCloud.stResult cache_result
FileCloud.HandShakeRsp: java.util.ArrayList cache_upload_svr
FileCloud.HandShakeRsp: java.util.ArrayList cache_download_svr
FileCloud.HandShakeRsp: java.util.Map cache_config
FileCloud.HandShakeRsp: boolean $assertionsDisabled
FileCloud.HandShakeRsp: java.lang.String className()
FileCloud.HandShakeRsp: java.lang.String fullClassName()
FileCloud.HandShakeRsp: FileCloud.stResult getResult()
FileCloud.HandShakeRsp: void setResult(FileCloud.stResult)
FileCloud.HandShakeRsp: java.lang.String getLast_update()
FileCloud.HandShakeRsp: void setLast_update(java.lang.String)
FileCloud.HandShakeRsp: java.util.ArrayList getUpload_svr()
FileCloud.HandShakeRsp: void setUpload_svr(java.util.ArrayList)
FileCloud.HandShakeRsp: java.util.ArrayList getDownload_svr()
FileCloud.HandShakeRsp: void setDownload_svr(java.util.ArrayList)
FileCloud.HandShakeRsp: java.util.Map getConfig()
FileCloud.HandShakeRsp: void setConfig(java.util.Map)
FileCloud.HandShakeRsp: java.lang.String getClientip()
FileCloud.HandShakeRsp: void setClientip(java.lang.String)
FileCloud.HandShakeRsp: HandShakeRsp()
FileCloud.ObjectDeleteReq
FileCloud.ObjectDeleteReq: FileCloud.stAuth auth
FileCloud.ObjectDeleteReq: java.lang.String path
FileCloud.ObjectDeleteReq: int type
FileCloud.ObjectDeleteReq: FileCloud.stAuth cache_auth
FileCloud.ObjectDeleteReq: int cache_type
FileCloud.ObjectDeleteReq: boolean $assertionsDisabled
FileCloud.ObjectDeleteReq: java.lang.String className()
FileCloud.ObjectDeleteReq: java.lang.String fullClassName()
FileCloud.ObjectDeleteReq: FileCloud.stAuth getAuth()
FileCloud.ObjectDeleteReq: void setAuth(FileCloud.stAuth)
FileCloud.ObjectDeleteReq: java.lang.String getPath()
FileCloud.ObjectDeleteReq: void setPath(java.lang.String)
FileCloud.ObjectDeleteReq: int getType()
FileCloud.ObjectDeleteReq: void setType(int)
FileCloud.ObjectDeleteReq: ObjectDeleteReq()
FileCloud.ObjectDeleteReq: ObjectDeleteReq(FileCloud.stAuth,java.lang.String,int)
FileCloud.ObjectDeleteReq: boolean equals(java.lang.Object)
FileCloud.ObjectDeleteReq: int hashCode()
FileCloud.ObjectDeleteReq: java.lang.Object clone()
FileCloud.ObjectDeleteReq: void writeTo(com.qq.taf.jce.JceOutputStream)
FileCloud.ObjectDeleteReq: void readFrom(com.qq.taf.jce.JceInputStream)
FileCloud.ObjectDeleteReq: void display(java.lang.StringBuilder,int)
FileCloud.ObjectDeleteReq: void displaySimple(java.lang.StringBuilder,int)
FileCloud.ObjectDeleteReq: void <clinit>()
FileCloud.ObjectDeleteRsp
FileCloud.ObjectDeleteRsp: FileCloud.stResult result
FileCloud.ObjectDeleteRsp: FileCloud.stResult cache_result
FileCloud.ObjectDeleteRsp: boolean $assertionsDisabled
FileCloud.ObjectDeleteRsp: java.lang.String className()
FileCloud.ObjectDeleteRsp: java.lang.String fullClassName()
FileCloud.ObjectDeleteRsp: FileCloud.stResult getResult()
FileCloud.ObjectDeleteRsp: void setResult(FileCloud.stResult)
FileCloud.ObjectDeleteRsp: ObjectDeleteRsp()
FileCloud.ObjectDeleteRsp: ObjectDeleteRsp(FileCloud.stResult)
FileCloud.ObjectDeleteRsp: boolean equals(java.lang.Object)
FileCloud.ObjectDeleteRsp: int hashCode()
FileCloud.ObjectDeleteRsp: java.lang.Object clone()
FileCloud.ObjectDeleteRsp: void writeTo(com.qq.taf.jce.JceOutputStream)
FileCloud.ObjectDeleteRsp: void readFrom(com.qq.taf.jce.JceInputStream)
FileCloud.ObjectDeleteRsp: void display(java.lang.StringBuilder,int)
FileCloud.ObjectDeleteRsp: void displaySimple(java.lang.StringBuilder,int)
FileCloud.ObjectDeleteRsp: void <clinit>()