ANDROID/sample/build/outputs/mapping/release/mapping.txt
com.tencent.doh.demo.BuildConfig -> com.tencent.doh.demo.BuildConfig:
    boolean DEBUG -> DEBUG
    java.lang.String APPLICATION_ID -> APPLICATION_ID
    java.lang.String BUILD_TYPE -> BUILD_TYPE
    java.lang.String FLAVOR -> FLAVOR
    int VERSION_CODE -> VERSION_CODE
    java.lang.String VERSION_NAME -> VERSION_NAME
    void <init>() -> <init>
com.tencent.doh.demo.R -> com.tencent.doh.demo.R:
    void <init>() -> <init>
com.tencent.doh.demo.R$anim -> com.tencent.doh.demo.R$anim:
    int abc_fade_in -> abc_fade_in
    int abc_fade_out -> abc_fade_out
    int abc_grow_fade_in_from_bottom -> abc_grow_fade_in_from_bottom
    int abc_popup_enter -> abc_popup_enter
    int abc_popup_exit -> abc_popup_exit
    int abc_shrink_fade_out_from_bottom -> abc_shrink_fade_out_from_bottom
    int abc_slide_in_bottom -> abc_slide_in_bottom
    int abc_slide_in_top -> abc_slide_in_top
    int abc_slide_out_bottom -> abc_slide_out_bottom
    int abc_slide_out_top -> abc_slide_out_top
    int txwp_bottom_in -> txwp_bottom_in
    int txwp_bottom_out -> txwp_bottom_out
    int txwp_fade_in -> txwp_fade_in
    int txwp_fade_out -> txwp_fade_out
    int txwp_hide_to_bottom -> txwp_hide_to_bottom
    int txwp_left_in -> txwp_left_in
    int txwp_left_out -> txwp_left_out
    int txwp_right_in -> txwp_right_in
    int txwp_right_out -> txwp_right_out
    int txwp_scale_in -> txwp_scale_in
    int txwp_scale_out -> txwp_scale_out
    int txwp_show_from_bottom -> txwp_show_from_bottom
    int txwp_top_in -> txwp_top_in
    int txwp_top_out -> txwp_top_out
    void <init>() -> <init>
com.tencent.doh.demo.R$attr -> com.tencent.doh.demo.R$attr:
    int actionBarDivider -> actionBarDivider
    int actionBarItemBackground -> actionBarItemBackground
    int actionBarPopupTheme -> actionBarPopupTheme
    int actionBarSize -> actionBarSize
    int actionBarSplitStyle -> actionBarSplitStyle
    int actionBarStyle -> actionBarStyle
    int actionBarTabBarStyle -> actionBarTabBarStyle
    int actionBarTabStyle -> actionBarTabStyle
    int actionBarTabTextStyle -> actionBarTabTextStyle
    int actionBarTheme -> actionBarTheme
    int actionBarWidgetTheme -> actionBarWidgetTheme
    int actionButtonStyle -> actionButtonStyle
    int actionDropDownStyle -> actionDropDownStyle
    int actionLayout -> actionLayout
    int actionMenuTextAppearance -> actionMenuTextAppearance
    int actionMenuTextColor -> actionMenuTextColor
    int actionModeBackground -> actionModeBackground
    int actionModeCloseButtonStyle -> actionModeCloseButtonStyle
    int actionModeCloseDrawable -> actionModeCloseDrawable
    int actionModeCopyDrawable -> actionModeCopyDrawable
    int actionModeCutDrawable -> actionModeCutDrawable
    int actionModeFindDrawable -> actionModeFindDrawable
    int actionModePasteDrawable -> actionModePasteDrawable
    int actionModePopupWindowStyle -> actionModePopupWindowStyle
    int actionModeSelectAllDrawable -> actionModeSelectAllDrawable
    int actionModeShareDrawable -> actionModeShareDrawable
...
com.tencent.upload.c.a.k -> com.tencent.upload.c.a.k:
    java.lang.String a -> a
    java.lang.String b -> b
    com.tencent.upload.Const$FileType c -> c
    java.lang.String d -> d
    void <init>(java.lang.String,java.lang.String,com.tencent.upload.Const$FileType,java.lang.String) -> <init>
    com.qq.taf.jce.JceStruct h() -> h
    java.lang.String toString() -> toString
com.tencent.upload.c.a.l -> com.tencent.upload.c.a.l:
    java.lang.String a -> a
    java.lang.String b -> b
    boolean c -> c
    java.lang.String d -> d
    java.lang.String e -> e
    com.tencent.upload.Const$FileType f -> f
    java.lang.String g -> g
    void <init>(java.lang.String,java.lang.String,boolean,com.tencent.upload.Const$FileType,java.lang.String,java.lang.String,java.lang.String) -> <init>
    com.qq.taf.jce.JceStruct h() -> h
    java.lang.String toString() -> toString
com.tencent.upload.c.a.m -> com.tencent.upload.c.a.m:
    java.lang.String a -> a
    java.lang.String b -> b
    com.tencent.upload.Const$FileType c -> c
    java.lang.String d -> d
    void <init>(java.lang.String,java.lang.String,com.tencent.upload.Const$FileType,java.lang.String) -> <init>
    com.qq.taf.jce.JceStruct h() -> h
    java.lang.String toString() -> toString
com.tencent.upload.c.a.n -> com.tencent.upload.c.a.n:
    com.tencent.upload.task.data.UploadDataSource e -> e
    java.lang.String a -> a
    long b -> b
    long c -> c
    long d -> d
    long f -> f
    boolean g -> g
    byte[] h -> h
    void <init>(com.tencent.upload.task.data.UploadDataSource,java.lang.String,long,long,boolean) -> <init>
    byte[] a() -> a
    com.qq.taf.jce.JceStruct h() -> h
    boolean f() -> f
    long k() -> k
    java.lang.String toString() -> toString
com.tencent.upload.c.a.o -> com.tencent.upload.c.a.o:
    boolean a -> a
    java.lang.String b -> b
    com.tencent.upload.Const$FileType c -> c
    void <init>(com.tencent.upload.Const$FileType,boolean,java.lang.String) -> <init>
    com.qq.taf.jce.JceStruct h() -> h
    java.lang.String toString() -> toString
com.tencent.upload.c.a.p -> com.tencent.upload.c.a.p:
    java.lang.String a -> a
    int b -> b
    void <init>(java.lang.String,int) -> <init>
    com.qq.taf.jce.JceStruct h() -> h
com.tencent.upload.c.a.q -> com.tencent.upload.c.a.q:
    java.lang.String a -> a
    int b -> b
    void <init>(java.lang.String,int) -> <init>
    com.qq.taf.jce.JceStruct h() -> h
com.tencent.upload.c.a.r -> com.tencent.upload.c.a.r:
    java.lang.String a -> a
    int b -> b
    int c -> c
    java.lang.String d -> d
    com.tencent.upload.task.VideoAttr e -> e
    java.util.HashMap f -> f
    int g -> g
    void <init>(java.lang.String,int,int,java.lang.String,com.tencent.upload.task.VideoAttr,int,java.util.HashMap) -> <init>
    com.qq.taf.jce.JceStruct h() -> h