ANDROID/sample/build/outputs/mapping/release/usage.txt
com.nostra13.universalimageloader.core.assist.deque.LinkedBlockingDeque$Itr
com.nostra13.universalimageloader.core.assist.deque.LinkedBlockingDeque$Node
com.nostra13.universalimageloader.core.decode.BaseImageDecoder
com.nostra13.universalimageloader.core.decode.BaseImageDecoder$ExifInfo
com.nostra13.universalimageloader.core.decode.BaseImageDecoder$ImageFileInfo
com.nostra13.universalimageloader.core.decode.ImageDecoder
com.nostra13.universalimageloader.core.decode.ImageDecodingInfo
com.nostra13.universalimageloader.core.display.BitmapDisplayer
com.nostra13.universalimageloader.core.display.CircleBitmapDisplayer
com.nostra13.universalimageloader.core.display.CircleBitmapDisplayer$CircleDrawable
com.nostra13.universalimageloader.core.display.FadeInBitmapDisplayer
com.nostra13.universalimageloader.core.display.RoundedBitmapDisplayer
com.nostra13.universalimageloader.core.display.RoundedBitmapDisplayer$RoundedDrawable
com.nostra13.universalimageloader.core.display.RoundedVignetteBitmapDisplayer
com.nostra13.universalimageloader.core.display.RoundedVignetteBitmapDisplayer$RoundedVignetteDrawable
com.nostra13.universalimageloader.core.display.SimpleBitmapDisplayer
com.nostra13.universalimageloader.core.download.BaseImageDownloader
com.nostra13.universalimageloader.core.download.BaseImageDownloader$1
com.nostra13.universalimageloader.core.download.ImageDownloader
com.nostra13.universalimageloader.core.imageaware.ImageAware
com.nostra13.universalimageloader.core.imageaware.ImageViewAware
com.nostra13.universalimageloader.core.imageaware.NonViewAware
com.nostra13.universalimageloader.core.imageaware.ViewAware
com.nostra13.universalimageloader.core.listener.ImageLoadingListener
com.nostra13.universalimageloader.core.listener.ImageLoadingProgressListener
com.nostra13.universalimageloader.core.listener.PauseOnScrollListener
com.nostra13.universalimageloader.core.listener.SimpleImageLoadingListener
com.nostra13.universalimageloader.core.process.BitmapProcessor
com.nostra13.universalimageloader.utils.DiskCacheUtils
com.nostra13.universalimageloader.utils.ImageSizeUtils
com.nostra13.universalimageloader.utils.ImageSizeUtils$1
com.nostra13.universalimageloader.utils.IoUtils
com.nostra13.universalimageloader.utils.IoUtils$CopyListener
com.nostra13.universalimageloader.utils.L
com.nostra13.universalimageloader.utils.MemoryCacheUtils
com.nostra13.universalimageloader.utils.MemoryCacheUtils$1
com.nostra13.universalimageloader.utils.StorageUtils
com.polites.android.s
com.tencent.photoview.ImageLoaderInit
com.tencent.tbs.video.interfaces.IUserStateChangedListener
com.viewpagerindicator.R:
    9:9:public R()
uk.co.senab.photoview.BuildConfig
uk.co.senab.photoview.Compat:
    private static final int SIXTY_FPS_INTERVAL
    25:25:public Compat()